生成启动时间为 2015/4/12 21:14:05。
     1>项目“E:\Projects\WindowsGameProgramming\3dGameProgramming\T3DLIB\T3DLIB\T3DLIB.vcxproj”在节点 2 上(Build 个目标)。
     1>ClCompile:
         C:\Program Files (x86)\Microsoft Visual Studio 11.0\VC\bin\CL.exe /c /ZI /nologo /W3 /WX- /sdl /Od /Oy- /D WIN32 /D _DEBUG /D _WINDOWS /D _UNICODE /D UNICODE /Gm /EHsc /RTC1 /MDd /GS /fp:precise /Zc:wchar_t /Zc:forScope /Yc"stdafx.h" /Fp"Debug\T3DLIB.pch" /Fo"Debug\\" /Fd"Debug\vc110.pdb" /Gd /TP /analyze- /errorReport:prompt stdafx.cpp
         stdafx.cpp
         C:\Program Files (x86)\Microsoft Visual Studio 11.0\VC\bin\CL.exe /c /ZI /nologo /W3 /WX- /sdl /Od /Oy- /D WIN32 /D _DEBUG /D _WINDOWS /D _UNICODE /D UNICODE /Gm /EHsc /RTC1 /MDd /GS /fp:precise /Zc:wchar_t /Zc:forScope /Yu"stdafx.h" /Fp"Debug\T3DLIB.pch" /Fo"Debug\\" /Fd"Debug\vc110.pdb" /Gd /TP /analyze- /errorReport:prompt T3DLIB.cpp t3dlib1.cpp t3dlib4.cpp
         t3dlib4.cpp
     1>e:\projects\windowsgameprogramming\3dgameprogramming\t3dlib\t3dlib\t3dlib1.h(30): warning C4005: “DD_PIXEL_FORMAT888”: 宏重定义
                 e:\projects\windowsgameprogramming\3dgameprogramming\t3dlib\t3dlib\t3dlib1.h(29) : 参见“DD_PIXEL_FORMAT888”的前一个定义
     1>e:\projects\windowsgameprogramming\3dgameprogramming\t3dlib\t3dlib\t3dlib4.h(294): error C2061: 语法错误: 标识符“MATRIX1X2_PTR”
     1>e:\projects\windowsgameprogramming\3dgameprogramming\t3dlib\t3dlib\t3dlib4.h(296): error C2065: “v”: 未声明的标识符
     1>e:\projects\windowsgameprogramming\3dgameprogramming\t3dlib\t3dlib\t3dlib4.h(296): error C2227: “->M”的左边必须指向类/结构/联合/泛型类型
                 类型是“'unknown-type'”
     1>e:\projects\windowsgameprogramming\3dgameprogramming\t3dlib\t3dlib\t3dlib4.h(297): error C2065: “v”: 未声明的标识符
     1>e:\projects\windowsgameprogramming\3dgameprogramming\t3dlib\t3dlib\t3dlib4.h(297): error C2227: “->M”的左边必须指向类/结构/联合/泛型类型
                 类型是“'unknown-type'”
     1>e:\projects\windowsgameprogramming\3dgameprogramming\t3dlib\t3dlib\t3dlib4.h(300): error C2061: 语法错误: 标识符“MATRIX1X3_PTR”
     1>e:\projects\windowsgameprogramming\3dgameprogramming\t3dlib\t3dlib\t3dlib4.h(301): error C2065: “v”: 未声明的标识符
     1>e:\projects\windowsgameprogramming\3dgameprogramming\t3dlib\t3dlib\t3dlib4.h(301): error C2227: “->M”的左边必须指向类/结构/联合/泛型类型
                 类型是“'unknown-type'”
     1>e:\projects\windowsgameprogramming\3dgameprogramming\t3dlib\t3dlib\t3dlib4.cpp(56): error C2084: 函数“float Fast_Cos(float)”已有主体
                 e:\projects\windowsgameprogramming\3dgameprogramming\t3dlib\t3dlib\t3dlib4.h(422) : 参见“Fast_Cos”的前一个定义
         t3dlib1.cpp
     1>e:\projects\windowsgameprogramming\3dgameprogramming\t3dlib\t3dlib\t3dlib1.h(30): warning C4005: “DD_PIXEL_FORMAT888”: 宏重定义
                 e:\projects\windowsgameprogramming\3dgameprogramming\t3dlib\t3dlib\t3dlib1.h(29) : 参见“DD_PIXEL_FORMAT888”的前一个定义
         T3DLIB.cpp
         正在生成代码...
     1>已完成生成项目“E:\Projects\WindowsGameProgramming\3dGameProgramming\T3DLIB\T3DLIB\T3DLIB.vcxproj”(Build 个目标)的操作 - 失败。

生成失败。

已用时间 00:00:05.64
